::1 - - [27/Nov/2019:15:45:45 +0000] "OPTIONS /auth/login HTTP/1.1" 200 4 "http://localhost:4200/" "Mozilla/5.0 (Linux; Android 8.0.0; Pixel 2 XL Build/OPD1.170816.004) AppleWebKit/537.36 (KHTML, like Gecko) Chrome/78.0.3904.108 Mobile Safari/537.36"
::1 - - [27/Nov/2019:15:45:45 +0000] "POST /auth/login HTTP/1.1" 200 304 "http://localhost:4200/" "Mozilla/5.0 (Linux; Android 8.0.0; Pixel 2 XL Build/OPD1.170816.004) AppleWebKit/537.36 (KHTML, like Gecko) Chrome/78.0.3904.108 Mobile Safari/537.36"
::1 - - [27/Nov/2019:15:45:45 +0000] "OPTIONS /projects?pagesize=2&page=1 HTTP/1.1" 200 13 "http://localhost:4200/" "Mozilla/5.0 (Linux; Android 8.0.0; Pixel 2 XL Build/OPD1.170816.004) AppleWebKit/537.36 (KHTML, like Gecko) Chrome/78.0.3904.108 Mobile Safari/537.36"
::1 - - [27/Nov/2019:15:45:46 +0000] "GET /projects?pagesize=2&page=1 HTTP/1.1" 200 336 "http://localhost:4200/" "Mozilla/5.0 (Linux; Android 8.0.0; Pixel 2 XL Build/OPD1.170816.004) AppleWebKit/537.36 (KHTML, like Gecko) Chrome/78.0.3904.108 Mobile Safari/537.36"
::1 - - [27/Nov/2019:15:45:54 +0000] "OPTIONS /projects HTTP/1.1" 200 13 "http://localhost:4200/" "Mozilla/5.0 (Linux; Android 8.0.0; Pixel 2 XL Build/OPD1.170816.004) AppleWebKit/537.36 (KHTML, like Gecko) Chrome/78.0.3904.108 Mobile Safari/537.36"
::1 - - [27/Nov/2019:15:45:54 +0000] "POST /projects HTTP/1.1" 200 303 "http://localhost:4200/" "Mozilla/5.0 (Linux; Android 8.0.0; Pixel 2 XL Build/OPD1.170816.004) AppleWebKit/537.36 (KHTML, like Gecko) Chrome/78.0.3904.108 Mobile Safari/537.36"
::1 - - [27/Nov/2019:15:45:55 +0000] "OPTIONS /projects?pagesize=2&page=1 HTTP/1.1" 200 13 "http://localhost:4200/" "Mozilla/5.0 (Linux; Android 8.0.0; Pixel 2 XL Build/OPD1.170816.004) AppleWebKit/537.36 (KHTML, like Gecko) Chrome/78.0.3904.108 Mobile Safari/537.36"
::1 - - [27/Nov/2019:15:45:55 +0000] "GET /projects?pagesize=2&page=1 HTTP/1.1" 200 587 "http://localhost:4200/" "Mozilla/5.0 (Linux; Android 8.0.0; Pixel 2 XL Build/OPD1.170816.004) AppleWebKit/537.36 (KHTML, like Gecko) Chrome/78.0.3904.108 Mobile Safari/537.36"
::1 - - [27/Nov/2019:15:45:57 +0000] "OPTIONS /projects/5dde9a32689add38b0e53721 HTTP/1.1" 200 19 "http://localhost:4200/" "Mozilla/5.0 (Linux; Android 8.0.0; Pixel 2 XL Build/OPD1.170816.004) AppleWebKit/537.36 (KHTML, like Gecko) Chrome/78.0.3904.108 Mobile Safari/537.36"
::1 - - [27/Nov/2019:15:45:57 +0000] "GET /projects/5dde9a32689add38b0e53721 HTTP/1.1" 200 312 "http://localhost:4200/" "Mozilla/5.0 (Linux; Android 8.0.0; Pixel 2 XL Build/OPD1.170816.004) AppleWebKit/537.36 (KHTML, like Gecko) Chrome/78.0.3904.108 Mobile Safari/537.36"
::1 - - [27/Nov/2019:15:46:15 +0000] "OPTIONS /projects/5dde9a32689add38b0e53721 HTTP/1.1" 200 19 "http://localhost:4200/" "Mozilla/5.0 (Linux; Android 8.0.0; Pixel 2 XL Build/OPD1.170816.004) AppleWebKit/537.36 (KHTML, like Gecko) Chrome/78.0.3904.108 Mobile Safari/537.36"
::1 - - [27/Nov/2019:15:46:15 +0000] "PUT /projects/5dde9a32689add38b0e53721 HTTP/1.1" 200 453 "http://localhost:4200/" "Mozilla/5.0 (Linux; Android 8.0.0; Pixel 2 XL Build/OPD1.170816.004) AppleWebKit/537.36 (KHTML, like Gecko) Chrome/78.0.3904.108 Mobile Safari/537.36"
::1 - - [27/Nov/2019:15:46:19 +0000] "OPTIONS /projects?pagesize=2&page=1 HTTP/1.1" 200 13 "http://localhost:4200/" "Mozilla/5.0 (Linux; Android 8.0.0; Pixel 2 XL Build/OPD1.170816.004) AppleWebKit/537.36 (KHTML, like Gecko) Chrome/78.0.3904.108 Mobile Safari/537.36"
::1 - - [27/Nov/2019:15:46:19 +0000] "GET /projects?pagesize=2&page=1 HTTP/1.1" 200 749 "http://localhost:4200/" "Mozilla/5.0 (Linux; Android 8.0.0; Pixel 2 XL Build/OPD1.170816.004) AppleWebKit/537.36 (KHTML, like Gecko) Chrome/78.0.3904.108 Mobile Safari/537.36"
::1 - - [05/Dec/2019:12:28:38 +0000] "OPTIONS /auth/signup HTTP/1.1" 200 4 "http://localhost:4200/" "Mozilla/5.0 (Windows NT 10.0; Win64; x64) AppleWebKit/537.36 (KHTML, like Gecko) Chrome/78.0.3904.108 Safari/537.36"
::1 - - [05/Dec/2019:12:28:39 +0000] "POST /auth/signup HTTP/1.1" 200 62 "http://localhost:4200/" "Mozilla/5.0 (Windows NT 10.0; Win64; x64) AppleWebKit/537.36 (KHTML, like Gecko) Chrome/78.0.3904.108 Safari/537.36"
::1 - - [05/Dec/2019:12:31:06 +0000] "OPTIONS /auth/signup HTTP/1.1" 200 4 "http://localhost:4200/" "Mozilla/5.0 (Windows NT 10.0; Win64; x64) AppleWebKit/537.36 (KHTML, like Gecko) Chrome/78.0.3904.108 Safari/537.36"
::1 - - [05/Dec/2019:12:31:07 +0000] "POST /auth/signup HTTP/1.1" 200 62 "http://localhost:4200/" "Mozilla/5.0 (Windows NT 10.0; Win64; x64) AppleWebKit/537.36 (KHTML, like Gecko) Chrome/78.0.3904.108 Safari/537.36"
::1 - - [05/Dec/2019:12:32:28 +0000] "OPTIONS /auth/signup HTTP/1.1" 200 4 "http://localhost:4200/" "Mozilla/5.0 (Windows NT 10.0; Win64; x64) AppleWebKit/537.36 (KHTML, like Gecko) Chrome/78.0.3904.108 Safari/537.36"
::1 - - [05/Dec/2019:12:32:29 +0000] "POST /auth/signup HTTP/1.1" 200 62 "http://localhost:4200/" "Mozilla/5.0 (Windows NT 10.0; Win64; x64) AppleWebKit/537.36 (KHTML, like Gecko) Chrome/78.0.3904.108 Safari/537.36"
::1 - - [05/Dec/2019:12:34:06 +0000] "OPTIONS /auth/signup HTTP/1.1" 200 4 "http://localhost:4200/" "Mozilla/5.0 (Windows NT 10.0; Win64; x64) AppleWebKit/537.36 (KHTML, like Gecko) Chrome/78.0.3904.108 Safari/537.36"
::1 - - [05/Dec/2019:12:34:06 +0000] "POST /auth/signup HTTP/1.1" 200 62 "http://localhost:4200/" "Mozilla/5.0 (Windows NT 10.0; Win64; x64) AppleWebKit/537.36 (KHTML, like Gecko) Chrome/78.0.3904.108 Safari/537.36"
::1 - - [05/Dec/2019:12:36:19 +0000] "OPTIONS /auth/signup HTTP/1.1" 200 4 "http://localhost:4200/" "Mozilla/5.0 (Windows NT 10.0; Win64; x64) AppleWebKit/537.36 (KHTML, like Gecko) Chrome/78.0.3904.108 Safari/537.36"
::1 - - [05/Dec/2019:12:36:20 +0000] "POST /auth/signup HTTP/1.1" 200 62 "http://localhost:4200/" "Mozilla/5.0 (Windows NT 10.0; Win64; x64) AppleWebKit/537.36 (KHTML, like Gecko) Chrome/78.0.3904.108 Safari/537.36"
::1 - - [05/Dec/2019:12:36:39 +0000] "OPTIONS /auth/signup HTTP/1.1" 200 4 "http://localhost:4200/" "Mozilla/5.0 (Windows NT 10.0; Win64; x64) AppleWebKit/537.36 (KHTML, like Gecko) Chrome/78.0.3904.108 Safari/537.36"
::1 - - [05/Dec/2019:12:36:39 +0000] "POST /auth/signup HTTP/1.1" 200 62 "http://localhost:4200/" "Mozilla/5.0 (Windows NT 10.0; Win64; x64) AppleWebKit/537.36 (KHTML, like Gecko) Chrome/78.0.3904.108 Safari/537.36"
::1 - - [05/Dec/2019:12:37:32 +0000] "OPTIONS /auth/signup HTTP/1.1" 200 4 "http://localhost:4200/" "Mozilla/5.0 (Windows NT 10.0; Win64; x64) AppleWebKit/537.36 (KHTML, like Gecko) Chrome/78.0.3904.108 Safari/537.36"
::1 - - [05/Dec/2019:12:37:33 +0000] "POST /auth/signup HTTP/1.1" 200 62 "http://localhost:4200/" "Mozilla/5.0 (Windows NT 10.0; Win64; x64) AppleWebKit/537.36 (KHTML, like Gecko) Chrome/78.0.3904.108 Safari/537.36"
::1 - - [05/Dec/2019:12:42:35 +0000] "OPTIONS /auth/signup HTTP/1.1" 200 4 "http://localhost:4200/" "Mozilla/5.0 (Windows NT 10.0; Win64; x64) AppleWebKit/537.36 (KHTML, like Gecko) Chrome/78.0.3904.108 Safari/537.36"
::1 - - [05/Dec/2019:12:42:36 +0000] "POST /auth/signup HTTP/1.1" 200 62 "http://localhost:4200/" "Mozilla/5.0 (Windows NT 10.0; Win64; x64) AppleWebKit/537.36 (KHTML, like Gecko) Chrome/78.0.3904.108 Safari/537.36"
::1 - - [05/Dec/2019:12:43:02 +0000] "OPTIONS /auth/login HTTP/1.1" 200 4 "http://localhost:4200/" "Mozilla/5.0 (Windows NT 10.0; Win64; x64) AppleWebKit/537.36 (KHTML, like Gecko) Chrome/78.0.3904.108 Safari/537.36"
::1 - - [05/Dec/2019:12:43:02 +0000] "POST /auth/login HTTP/1.1" 401 40 "http://localhost:4200/" "Mozilla/5.0 (Windows NT 10.0; Win64; x64) AppleWebKit/537.36 (KHTML, like Gecko) Chrome/78.0.3904.108 Safari/537.36"
::1 - - [05/Dec/2019:12:47:08 +0000] "OPTIONS /auth/signup HTTP/1.1" 200 4 "http://localhost:4200/" "Mozilla/5.0 (Windows NT 10.0; Win64; x64) AppleWebKit/537.36 (KHTML, like Gecko) Chrome/78.0.3904.108 Safari/537.36"
::1 - - [05/Dec/2019:12:47:08 +0000] "POST /auth/signup HTTP/1.1" 200 62 "http://localhost:4200/" "Mozilla/5.0 (Windows NT 10.0; Win64; x64) AppleWebKit/537.36 (KHTML, like Gecko) Chrome/78.0.3904.108 Safari/537.36"
::1 - - [05/Dec/2019:12:53:09 +0000] "OPTIONS /auth/signup HTTP/1.1" 200 4 "http://localhost:4200/" "Mozilla/5.0 (Windows NT 10.0; Win64; x64) AppleWebKit/537.36 (KHTML, like Gecko) Chrome/78.0.3904.108 Safari/537.36"
::1 - - [05/Dec/2019:12:53:09 +0000] "POST /auth/signup HTTP/1.1" 200 62 "http://localhost:4200/" "Mozilla/5.0 (Windows NT 10.0; Win64; x64) AppleWebKit/537.36 (KHTML, like Gecko) Chrome/78.0.3904.108 Safari/537.36"
::1 - - [05/Dec/2019:12:54:42 +0000] "OPTIONS /auth/signup HTTP/1.1" 200 4 "http://localhost:4200/" "Mozilla/5.0 (Windows NT 10.0; Win64; x64) AppleWebKit/537.36 (KHTML, like Gecko) Chrome/78.0.3904.108 Safari/537.36"
::1 - - [05/Dec/2019:12:54:42 +0000] "POST /auth/signup HTTP/1.1" 200 62 "http://localhost:4200/" "Mozilla/5.0 (Windows NT 10.0; Win64; x64) AppleWebKit/537.36 (KHTML, like Gecko) Chrome/78.0.3904.108 Safari/537.36"
::1 - - [05/Dec/2019:13:05:21 +0000] "OPTIONS /auth/signup HTTP/1.1" 200 4 "http://localhost:4200/" "Mozilla/5.0 (Windows NT 10.0; Win64; x64) AppleWebKit/537.36 (KHTML, like Gecko) Chrome/78.0.3904.108 Safari/537.36"
::1 - - [05/Dec/2019:13:05:21 +0000] "POST /auth/signup HTTP/1.1" 500 44 "http://localhost:4200/" "Mozilla/5.0 (Windows NT 10.0; Win64; x64) AppleWebKit/537.36 (KHTML, like Gecko) Chrome/78.0.3904.108 Safari/537.36"
::1 - - [05/Dec/2019:13:06:02 +0000] "OPTIONS /auth/signup HTTP/1.1" 200 4 "http://localhost:4200/" "Mozilla/5.0 (Windows NT 10.0; Win64; x64) AppleWebKit/537.36 (KHTML, like Gecko) Chrome/78.0.3904.108 Safari/537.36"
::1 - - [05/Dec/2019:13:06:02 +0000] "POST /auth/signup HTTP/1.1" 200 62 "http://localhost:4200/" "Mozilla/5.0 (Windows NT 10.0; Win64; x64) AppleWebKit/537.36 (KHTML, like Gecko) Chrome/78.0.3904.108 Safari/537.36"
::1 - - [05/Dec/2019:13:09:11 +0000] "OPTIONS /auth/signup HTTP/1.1" 200 4 "http://localhost:4200/" "Mozilla/5.0 (Windows NT 10.0; Win64; x64) AppleWebKit/537.36 (KHTML, like Gecko) Chrome/78.0.3904.108 Safari/537.36"
::1 - - [05/Dec/2019:13:09:12 +0000] "POST /auth/signup HTTP/1.1" 500 33 "http://localhost:4200/" "Mozilla/5.0 (Windows NT 10.0; Win64; x64) AppleWebKit/537.36 (KHTML, like Gecko) Chrome/78.0.3904.108 Safari/537.36"
::1 - - [05/Dec/2019:13:09:56 +0000] "OPTIONS /auth/signup HTTP/1.1" 200 4 "http://localhost:4200/" "Mozilla/5.0 (Windows NT 10.0; Win64; x64) AppleWebKit/537.36 (KHTML, like Gecko) Chrome/78.0.3904.108 Safari/537.36"
::1 - - [05/Dec/2019:13:09:57 +0000] "POST /auth/signup HTTP/1.1" 200 62 "http://localhost:4200/" "Mozilla/5.0 (Windows NT 10.0; Win64; x64) AppleWebKit/537.36 (KHTML, like Gecko) Chrome/78.0.3904.108 Safari/537.36"
::1 - - [05/Dec/2019:13:11:45 +0000] "OPTIONS /auth/signup HTTP/1.1" 200 4 "http://localhost:4200/" "Mozilla/5.0 (Windows NT 10.0; Win64; x64) AppleWebKit/537.36 (KHTML, like Gecko) Chrome/78.0.3904.108 Safari/537.36"
::1 - - [05/Dec/2019:13:11:46 +0000] "POST /auth/signup HTTP/1.1" 200 62 "http://localhost:4200/" "Mozilla/5.0 (Windows NT 10.0; Win64; x64) AppleWebKit/537.36 (KHTML, like Gecko) Chrome/78.0.3904.108 Safari/537.36"
::1 - - [05/Dec/2019:13:17:04 +0000] "OPTIONS /auth/signup HTTP/1.1" 200 4 "http://localhost:4200/" "Mozilla/5.0 (Windows NT 10.0; Win64; x64) AppleWebKit/537.36 (KHTML, like Gecko) Chrome/78.0.3904.108 Safari/537.36"
::1 - - [05/Dec/2019:13:17:05 +0000] "POST /auth/signup HTTP/1.1" 200 62 "http://localhost:4200/" "Mozilla/5.0 (Windows NT 10.0; Win64; x64) AppleWebKit/537.36 (KHTML, like Gecko) Chrome/78.0.3904.108 Safari/537.36"
::1 - - [05/Dec/2019:13:18:49 +0000] "OPTIONS /auth/signup HTTP/1.1" 200 4 "http://localhost:4200/" "Mozilla/5.0 (Windows NT 10.0; Win64; x64) AppleWebKit/537.36 (KHTML, like Gecko) Chrome/78.0.3904.108 Safari/537.36"
::1 - - [05/Dec/2019:13:18:49 +0000] "POST /auth/signup HTTP/1.1" 500 44 "http://localhost:4200/" "Mozilla/5.0 (Windows NT 10.0; Win64; x64) AppleWebKit/537.36 (KHTML, like Gecko) Chrome/78.0.3904.108 Safari/537.36"
::1 - - [05/Dec/2019:13:19:34 +0000] "OPTIONS /auth/signup HTTP/1.1" 200 4 "http://localhost:4200/" "Mozilla/5.0 (Windows NT 10.0; Win64; x64) AppleWebKit/537.36 (KHTML, like Gecko) Chrome/78.0.3904.108 Safari/537.36"
::1 - - [05/Dec/2019:13:19:34 +0000] "POST /auth/signup HTTP/1.1" 422 234 "http://localhost:4200/" "Mozilla/5.0 (Windows NT 10.0; Win64; x64) AppleWebKit/537.36 (KHTML, like Gecko) Chrome/78.0.3904.108 Safari/537.36"
::1 - - [05/Dec/2019:13:20:56 +0000] "OPTIONS /auth/login HTTP/1.1" 200 4 "http://localhost:4200/" "Mozilla/5.0 (Windows NT 10.0; Win64; x64) AppleWebKit/537.36 (KHTML, like Gecko) Chrome/78.0.3904.108 Safari/537.36"
::1 - - [05/Dec/2019:13:20:56 +0000] "POST /auth/login HTTP/1.1" 401 40 "http://localhost:4200/" "Mozilla/5.0 (Windows NT 10.0; Win64; x64) AppleWebKit/537.36 (KHTML, like Gecko) Chrome/78.0.3904.108 Safari/537.36"
::1 - - [05/Dec/2019:13:21:34 +0000] "OPTIONS /auth/signup HTTP/1.1" 200 4 "http://localhost:4200/" "Mozilla/5.0 (Windows NT 10.0; Win64; x64) AppleWebKit/537.36 (KHTML, like Gecko) Chrome/78.0.3904.108 Safari/537.36"
::1 - - [05/Dec/2019:13:21:34 +0000] "POST /auth/signup HTTP/1.1" 422 234 "http://localhost:4200/" "Mozilla/5.0 (Windows NT 10.0; Win64; x64) AppleWebKit/537.36 (KHTML, like Gecko) Chrome/78.0.3904.108 Safari/537.36"
::1 - - [05/Dec/2019:13:23:45 +0000] "OPTIONS /auth/signup HTTP/1.1" 200 4 "http://localhost:4200/" "Mozilla/5.0 (Windows NT 10.0; Win64; x64) AppleWebKit/537.36 (KHTML, like Gecko) Chrome/78.0.3904.108 Safari/537.36"
::1 - - [05/Dec/2019:13:23:45 +0000] "POST /auth/signup HTTP/1.1" 422 127 "http://localhost:4200/" "Mozilla/5.0 (Windows NT 10.0; Win64; x64) AppleWebKit/537.36 (KHTML, like Gecko) Chrome/78.0.3904.108 Safari/537.36"
::1 - - [05/Dec/2019:13:24:08 +0000] "OPTIONS /auth/signup HTTP/1.1" 200 4 "http://localhost:4200/" "Mozilla/5.0 (Windows NT 10.0; Win64; x64) AppleWebKit/537.36 (KHTML, like Gecko) Chrome/78.0.3904.108 Safari/537.36"
::1 - - [05/Dec/2019:13:24:08 +0000] "POST /auth/signup HTTP/1.1" 422 106 "http://localhost:4200/" "Mozilla/5.0 (Windows NT 10.0; Win64; x64) AppleWebKit/537.36 (KHTML, like Gecko) Chrome/78.0.3904.108 Safari/537.36"
::1 - - [05/Dec/2019:13:26:09 +0000] "OPTIONS /auth/login HTTP/1.1" 200 4 "http://localhost:4200/" "Mozilla/5.0 (Windows NT 10.0; Win64; x64) AppleWebKit/537.36 (KHTML, like Gecko) Chrome/78.0.3904.108 Safari/537.36"
::1 - - [05/Dec/2019:13:26:09 +0000] "POST /auth/login HTTP/1.1" 401 40 "http://localhost:4200/" "Mozilla/5.0 (Windows NT 10.0; Win64; x64) AppleWebKit/537.36 (KHTML, like Gecko) Chrome/78.0.3904.108 Safari/537.36"
::1 - - [05/Dec/2019:15:46:03 +0000] "OPTIONS /auth/signup HTTP/1.1" 200 4 "http://localhost:4200/" "Mozilla/5.0 (Windows NT 10.0; Win64; x64) AppleWebKit/537.36 (KHTML, like Gecko) Chrome/78.0.3904.108 Safari/537.36"
::1 - - [05/Dec/2019:15:46:03 +0000] "POST /auth/signup HTTP/1.1" 422 127 "http://localhost:4200/" "Mozilla/5.0 (Windows NT 10.0; Win64; x64) AppleWebKit/537.36 (KHTML, like Gecko) Chrome/78.0.3904.108 Safari/537.36"
::1 - - [05/Dec/2019:15:57:47 +0000] "OPTIONS /auth/login HTTP/1.1" 200 4 "http://localhost:4200/" "Mozilla/5.0 (Windows NT 10.0; Win64; x64) AppleWebKit/537.36 (KHTML, like Gecko) Chrome/78.0.3904.108 Safari/537.36"
::1 - - [05/Dec/2019:15:57:47 +0000] "POST /auth/login HTTP/1.1" 401 40 "http://localhost:4200/" "Mozilla/5.0 (Windows NT 10.0; Win64; x64) AppleWebKit/537.36 (KHTML, like Gecko) Chrome/78.0.3904.108 Safari/537.36"
::1 - - [05/Dec/2019:15:58:43 +0000] "OPTIONS /auth/login HTTP/1.1" 200 4 "http://localhost:4200/" "Mozilla/5.0 (Windows NT 10.0; Win64; x64) AppleWebKit/537.36 (KHTML, like Gecko) Chrome/78.0.3904.108 Safari/537.36"
::1 - - [05/Dec/2019:15:58:43 +0000] "POST /auth/login HTTP/1.1" 401 40 "http://localhost:4200/" "Mozilla/5.0 (Windows NT 10.0; Win64; x64) AppleWebKit/537.36 (KHTML, like Gecko) Chrome/78.0.3904.108 Safari/537.36"
::1 - - [05/Dec/2019:15:59:29 +0000] "OPTIONS /auth/login HTTP/1.1" 200 4 "http://localhost:4200/" "Mozilla/5.0 (Windows NT 10.0; Win64; x64) AppleWebKit/537.36 (KHTML, like Gecko) Chrome/78.0.3904.108 Safari/537.36"
::1 - - [05/Dec/2019:15:59:30 +0000] "POST /auth/login HTTP/1.1" 401 40 "http://localhost:4200/" "Mozilla/5.0 (Windows NT 10.0; Win64; x64) AppleWebKit/537.36 (KHTML, like Gecko) Chrome/78.0.3904.108 Safari/537.36"
::1 - - [05/Dec/2019:16:00:53 +0000] "OPTIONS /auth/login HTTP/1.1" 200 4 "http://localhost:4200/" "Mozilla/5.0 (Windows NT 10.0; Win64; x64) AppleWebKit/537.36 (KHTML, like Gecko) Chrome/78.0.3904.108 Safari/537.36"
::1 - - [05/Dec/2019:16:00:53 +0000] "POST /auth/login HTTP/1.1" 401 40 "http://localhost:4200/" "Mozilla/5.0 (Windows NT 10.0; Win64; x64) AppleWebKit/537.36 (KHTML, like Gecko) Chrome/78.0.3904.108 Safari/537.36"
::1 - - [05/Dec/2019:16:01:19 +0000] "OPTIONS /auth/signup HTTP/1.1" 200 4 "http://localhost:4200/" "Mozilla/5.0 (Windows NT 10.0; Win64; x64) AppleWebKit/537.36 (KHTML, like Gecko) Chrome/78.0.3904.108 Safari/537.36"
::1 - - [05/Dec/2019:16:01:19 +0000] "POST /auth/signup HTTP/1.1" 422 127 "http://localhost:4200/" "Mozilla/5.0 (Windows NT 10.0; Win64; x64) AppleWebKit/537.36 (KHTML, like Gecko) Chrome/78.0.3904.108 Safari/537.36"
::1 - - [05/Dec/2019:16:03:45 +0000] "OPTIONS /auth/login HTTP/1.1" 200 4 "http://localhost:4200/" "Mozilla/5.0 (Windows NT 10.0; Win64; x64) AppleWebKit/537.36 (KHTML, like Gecko) Chrome/78.0.3904.108 Safari/537.36"
::1 - - [05/Dec/2019:16:03:46 +0000] "POST /auth/login HTTP/1.1" 401 40 "http://localhost:4200/" "Mozilla/5.0 (Windows NT 10.0; Win64; x64) AppleWebKit/537.36 (KHTML, like Gecko) Chrome/78.0.3904.108 Safari/537.36"
::1 - - [05/Dec/2019:16:03:56 +0000] "OPTIONS /auth/login HTTP/1.1" 200 4 "http://localhost:4200/" "Mozilla/5.0 (Windows NT 10.0; Win64; x64) AppleWebKit/537.36 (KHTML, like Gecko) Chrome/78.0.3904.108 Safari/537.36"
::1 - - [05/Dec/2019:16:03:57 +0000] "POST /auth/login HTTP/1.1" 401 40 "http://localhost:4200/" "Mozilla/5.0 (Windows NT 10.0; Win64; x64) AppleWebKit/537.36 (KHTML, like Gecko) Chrome/78.0.3904.108 Safari/537.36"
::1 - - [05/Dec/2019:16:04:13 +0000] "OPTIONS /auth/login HTTP/1.1" 200 4 "http://localhost:4200/" "Mozilla/5.0 (Linux; Android 5.0; SM-G900P Build/LRX21T) AppleWebKit/537.36 (KHTML, like Gecko) Chrome/78.0.3904.108 Mobile Safari/537.36"
::1 - - [05/Dec/2019:16:04:13 +0000] "POST /auth/login HTTP/1.1" 401 40 "http://localhost:4200/" "Mozilla/5.0 (Linux; Android 5.0; SM-G900P Build/LRX21T) AppleWebKit/537.36 (KHTML, like Gecko) Chrome/78.0.3904.108 Mobile Safari/537.36"
::1 - - [05/Dec/2019:16:05:57 +0000] "OPTIONS /auth/login HTTP/1.1" 200 4 "http://localhost:4200/" "Mozilla/5.0 (Linux; Android 5.0; SM-G900P Build/LRX21T) AppleWebKit/537.36 (KHTML, like Gecko) Chrome/78.0.3904.108 Mobile Safari/537.36"
::1 - - [05/Dec/2019:16:05:57 +0000] "POST /auth/login HTTP/1.1" 401 40 "http://localhost:4200/" "Mozilla/5.0 (Linux; Android 5.0; SM-G900P Build/LRX21T) AppleWebKit/537.36 (KHTML, like Gecko) Chrome/78.0.3904.108 Mobile Safari/537.36"
::1 - - [05/Dec/2019:16:06:12 +0000] "OPTIONS /auth/login HTTP/1.1" 200 4 "http://localhost:4200/" "Mozilla/5.0 (Linux; Android 5.0; SM-G900P Build/LRX21T) AppleWebKit/537.36 (KHTML, like Gecko) Chrome/78.0.3904.108 Mobile Safari/537.36"
::1 - - [05/Dec/2019:16:06:12 +0000] "POST /auth/login HTTP/1.1" 401 40 "http://localhost:4200/" "Mozilla/5.0 (Linux; Android 5.0; SM-G900P Build/LRX21T) AppleWebKit/537.36 (KHTML, like Gecko) Chrome/78.0.3904.108 Mobile Safari/537.36"
::1 - - [05/Dec/2019:16:06:51 +0000] "OPTIONS /auth/login HTTP/1.1" 200 4 "http://localhost:4200/" "Mozilla/5.0 (Linux; Android 5.0; SM-G900P Build/LRX21T) AppleWebKit/537.36 (KHTML, like Gecko) Chrome/78.0.3904.108 Mobile Safari/537.36"
::1 - - [05/Dec/2019:16:06:51 +0000] "POST /auth/login HTTP/1.1" 401 40 "http://localhost:4200/" "Mozilla/5.0 (Linux; Android 5.0; SM-G900P Build/LRX21T) AppleWebKit/537.36 (KHTML, like Gecko) Chrome/78.0.3904.108 Mobile Safari/537.36"
::1 - - [05/Dec/2019:16:07:10 +0000] "OPTIONS /auth/signup HTTP/1.1" 200 4 "http://localhost:4200/" "Mozilla/5.0 (Linux; Android 5.0; SM-G900P Build/LRX21T) AppleWebKit/537.36 (KHTML, like Gecko) Chrome/78.0.3904.108 Mobile Safari/537.36"
::1 - - [05/Dec/2019:16:07:10 +0000] "POST /auth/signup HTTP/1.1" 422 152 "http://localhost:4200/" "Mozilla/5.0 (Linux; Android 5.0; SM-G900P Build/LRX21T) AppleWebKit/537.36 (KHTML, like Gecko) Chrome/78.0.3904.108 Mobile Safari/537.36"
::1 - - [05/Dec/2019:16:12:15 +0000] "OPTIONS /auth/signup HTTP/1.1" 200 4 "http://localhost:4200/" "Mozilla/5.0 (Linux; Android 5.0; SM-G900P Build/LRX21T) AppleWebKit/537.36 (KHTML, like Gecko) Chrome/78.0.3904.108 Mobile Safari/537.36"
::1 - - [05/Dec/2019:16:12:15 +0000] "POST /auth/signup HTTP/1.1" 422 152 "http://localhost:4200/" "Mozilla/5.0 (Linux; Android 5.0; SM-G900P Build/LRX21T) AppleWebKit/537.36 (KHTML, like Gecko) Chrome/78.0.3904.108 Mobile Safari/537.36"
::1 - - [05/Dec/2019:16:17:08 +0000] "OPTIONS /auth/signup HTTP/1.1" 200 4 "http://localhost:4200/" "Mozilla/5.0 (Linux; Android 5.0; SM-G900P Build/LRX21T) AppleWebKit/537.36 (KHTML, like Gecko) Chrome/78.0.3904.108 Mobile Safari/537.36"
::1 - - [05/Dec/2019:16:17:08 +0000] "POST /auth/signup HTTP/1.1" 422 87 "http://localhost:4200/" "Mozilla/5.0 (Linux; Android 5.0; SM-G900P Build/LRX21T) AppleWebKit/537.36 (KHTML, like Gecko) Chrome/78.0.3904.108 Mobile Safari/537.36"
::1 - - [05/Dec/2019:16:17:55 +0000] "OPTIONS /auth/signup HTTP/1.1" 200 4 "http://localhost:4200/" "Mozilla/5.0 (Linux; Android 5.0; SM-G900P Build/LRX21T) AppleWebKit/537.36 (KHTML, like Gecko) Chrome/78.0.3904.108 Mobile Safari/537.36"
::1 - - [05/Dec/2019:16:17:55 +0000] "POST /auth/signup HTTP/1.1" 422 87 "http://localhost:4200/" "Mozilla/5.0 (Linux; Android 5.0; SM-G900P Build/LRX21T) AppleWebKit/537.36 (KHTML, like Gecko) Chrome/78.0.3904.108 Mobile Safari/537.36"
::1 - - [05/Dec/2019:16:22:02 +0000] "OPTIONS /auth/signup HTTP/1.1" 200 4 "http://localhost:4200/" "Mozilla/5.0 (Linux; Android 5.0; SM-G900P Build/LRX21T) AppleWebKit/537.36 (KHTML, like Gecko) Chrome/78.0.3904.108 Mobile Safari/537.36"
::1 - - [05/Dec/2019:16:22:02 +0000] "POST /auth/signup HTTP/1.1" 422 127 "http://localhost:4200/" "Mozilla/5.0 (Linux; Android 5.0; SM-G900P Build/LRX21T) AppleWebKit/537.36 (KHTML, like Gecko) Chrome/78.0.3904.108 Mobile Safari/537.36"
::1 - - [05/Dec/2019:16:22:59 +0000] "OPTIONS /auth/signup HTTP/1.1" 200 4 "http://localhost:4200/" "Mozilla/5.0 (Linux; Android 5.0; SM-G900P Build/LRX21T) AppleWebKit/537.36 (KHTML, like Gecko) Chrome/78.0.3904.108 Mobile Safari/537.36"
::1 - - [05/Dec/2019:16:22:59 +0000] "POST /auth/signup HTTP/1.1" 422 87 "http://localhost:4200/" "Mozilla/5.0 (Linux; Android 5.0; SM-G900P Build/LRX21T) AppleWebKit/537.36 (KHTML, like Gecko) Chrome/78.0.3904.108 Mobile Safari/537.36"
::1 - - [05/Dec/2019:16:26:29 +0000] "OPTIONS /auth/signup HTTP/1.1" 200 4 "http://localhost:4200/" "Mozilla/5.0 (Linux; Android 5.0; SM-G900P Build/LRX21T) AppleWebKit/537.36 (KHTML, like Gecko) Chrome/78.0.3904.108 Mobile Safari/537.36"
::1 - - [05/Dec/2019:16:26:29 +0000] "POST /auth/signup HTTP/1.1" 422 87 "http://localhost:4200/" "Mozilla/5.0 (Linux; Android 5.0; SM-G900P Build/LRX21T) AppleWebKit/537.36 (KHTML, like Gecko) Chrome/78.0.3904.108 Mobile Safari/537.36"
::1 - - [05/Dec/2019:16:30:17 +0000] "OPTIONS /auth/signup HTTP/1.1" 200 4 "http://localhost:4200/" "Mozilla/5.0 (Linux; Android 5.0; SM-G900P Build/LRX21T) AppleWebKit/537.36 (KHTML, like Gecko) Chrome/78.0.3904.108 Mobile Safari/537.36"
::1 - - [05/Dec/2019:16:30:17 +0000] "POST /auth/signup HTTP/1.1" 422 152 "http://localhost:4200/" "Mozilla/5.0 (Linux; Android 5.0; SM-G900P Build/LRX21T) AppleWebKit/537.36 (KHTML, like Gecko) Chrome/78.0.3904.108 Mobile Safari/537.36"
::1 - - [05/Dec/2019:16:31:57 +0000] "OPTIONS /auth/signup HTTP/1.1" 200 4 "http://localhost:4200/" "Mozilla/5.0 (Linux; Android 5.0; SM-G900P Build/LRX21T) AppleWebKit/537.36 (KHTML, like Gecko) Chrome/78.0.3904.108 Mobile Safari/537.36"
::1 - - [05/Dec/2019:16:31:57 +0000] "POST /auth/signup HTTP/1.1" 422 152 "http://localhost:4200/" "Mozilla/5.0 (Linux; Android 5.0; SM-G900P Build/LRX21T) AppleWebKit/537.36 (KHTML, like Gecko) Chrome/78.0.3904.108 Mobile Safari/537.36"
